2017-03-29 05:26:20 Error: [MissingControllerException] Controller class BookController could not be found.
Exception Attributes: array (
  'class' => 'BookController',
  'plugin' => NULL,
)
Request URL: /book/index
Stack Trace:
#0 E:\WEBROOT\chickenrainshop\webroot\index.php(111): Dispatcher->dispatch(Object(CakeRequest), Object(CakeResponse))
#1 {main}
2017-03-29 05:28:16 Error: [NotFoundException] Invalid book
Request URL: /books/view/1
Stack Trace:
#0 [internal function]: BooksController->view('1')
#1 E:\WEBROOT\cakephp\lib\Cake\Controller\Controller.php(491): ReflectionMethod->invokeArgs(Object(BooksController), Array)
#2 E:\WEBROOT\cakephp\lib\Cake\Routing\Dispatcher.php(193): Controller->invokeAction(Object(CakeRequest))
#3 E:\WEBROOT\cakephp\lib\Cake\Routing\Dispatcher.php(167): Dispatcher->_invoke(Object(BooksController), Object(CakeRequest))
#4 E:\WEBROOT\chickenrainshop\webroot\index.php(111): Dispatcher->dispatch(Object(CakeRequest), Object(CakeResponse))
#5 {main}
2017-04-03 14:34:28 Error: [MissingControllerException] Controller class BookController could not be found.
Exception Attributes: array (
  'class' => 'BookController',
  'plugin' => NULL,
)
Request URL: /book/view
Stack Trace:
#0 D:\WEBROOT\chickenrainshop\webroot\index.php(111): Dispatcher->dispatch(Object(CakeRequest), Object(CakeResponse))
#1 {main}
2017-04-03 14:34:40 Error: [NotFoundException] Invalid book
Request URL: /books/view
Stack Trace:
#0 [internal function]: BooksController->view()
#1 D:\WEBROOT\cakephp\lib\Cake\Controller\Controller.php(491): ReflectionMethod->invokeArgs(Object(BooksController), Array)
#2 D:\WEBROOT\cakephp\lib\Cake\Routing\Dispatcher.php(193): Controller->invokeAction(Object(CakeRequest))
#3 D:\WEBROOT\cakephp\lib\Cake\Routing\Dispatcher.php(167): Dispatcher->_invoke(Object(BooksController), Object(CakeRequest))
#4 D:\WEBROOT\chickenrainshop\webroot\index.php(111): Dispatcher->dispatch(Object(CakeRequest), Object(CakeResponse))
#5 {main}
